
Start-Date: 2022-02-21  22:56:55
Commandline: apt-get install --reinstall adduser
Reinstall: adduser:amd64 (3.118ubuntu2)
End-Date: 2022-02-21  22:56:55

Start-Date: 2022-02-21  22:56:56
Commandline: apt-get install --reinstall apt
Reinstall: apt:amd64 (2.0.2)
End-Date: 2022-02-21  22:56:57

Start-Date: 2022-02-21  22:56:58
Commandline: apt-get install --reinstall base-files
Reinstall: base-files:amd64 (11ubuntu5)
End-Date: 2022-02-21  22:56:58

Start-Date: 2022-02-21  22:56:59
Commandline: apt-get install --reinstall base-passwd
Reinstall: base-passwd:amd64 (3.5.47)
End-Date: 2022-02-21  22:57:00

Start-Date: 2022-02-21  22:57:01
Commandline: apt-get install --reinstall bash
Reinstall: bash:amd64 (5.0-6ubuntu1)
End-Date: 2022-02-21  22:57:01

Start-Date: 2022-02-21  22:57:02
Commandline: apt-get install --reinstall bsdutils
Reinstall: bsdutils:amd64 (1:2.34-0.1ubuntu9)
End-Date: 2022-02-21  22:57:03

Start-Date: 2022-02-21  22:57:04
Commandline: apt-get install --reinstall bzip2
Reinstall: bzip2:amd64 (1.0.8-2)
End-Date: 2022-02-21  22:57:04

Start-Date: 2022-02-21  22:57:05
Commandline: apt-get install --reinstall coreutils
Reinstall: coreutils:amd64 (8.30-3ubuntu2)
End-Date: 2022-02-21  22:57:06

Start-Date: 2022-02-21  22:57:07
Commandline: apt-get install --reinstall dash
Reinstall: dash:amd64 (0.5.10.2-6)
End-Date: 2022-02-21  22:57:07

Start-Date: 2022-02-21  22:57:08
Commandline: apt-get install --reinstall debconf
Reinstall: debconf:amd64 (1.5.73)
End-Date: 2022-02-21  22:57:09

Start-Date: 2022-02-21  22:57:10
Commandline: apt-get install --reinstall debianutils
Reinstall: debianutils:amd64 (4.9.1)
End-Date: 2022-02-21  22:57:10

Start-Date: 2022-02-21  22:57:11
Commandline: apt-get install --reinstall diffutils
Reinstall: diffutils:amd64 (1:3.7-3)
End-Date: 2022-02-21  22:57:11

Start-Date: 2022-02-21  22:57:12
Commandline: apt-get install --reinstall dpkg
Reinstall: dpkg:amd64 (1.19.7ubuntu3)
End-Date: 2022-02-21  22:57:13

Start-Date: 2022-02-21  22:57:14
Commandline: apt-get install --reinstall e2fsprogs
Reinstall: e2fsprogs:amd64 (1.45.5-2ubuntu1)
End-Date: 2022-02-21  22:57:15

Start-Date: 2022-02-21  22:57:15
Commandline: apt-get install --reinstall fdisk
Reinstall: fdisk:amd64 (2.34-0.1ubuntu9)
End-Date: 2022-02-21  22:57:16

Start-Date: 2022-02-21  22:57:17
Commandline: apt-get install --reinstall findutils
Reinstall: findutils:amd64 (4.7.0-1ubuntu1)
End-Date: 2022-02-21  22:57:17

Start-Date: 2022-02-21  22:57:18
Commandline: apt-get install --reinstall gcc-10-base:amd64
Reinstall: gcc-10-base:amd64 (10-20200411-0ubuntu1)
End-Date: 2022-02-21  22:57:19

Start-Date: 2022-02-21  22:57:20
Commandline: apt-get install --reinstall gpgv
Reinstall: gpgv:amd64 (2.2.19-3ubuntu2)
End-Date: 2022-02-21  22:57:20

Start-Date: 2022-02-21  22:57:21
Commandline: apt-get install --reinstall grep
Reinstall: grep:amd64 (3.4-1)
End-Date: 2022-02-21  22:57:21

Start-Date: 2022-02-21  22:57:22
Commandline: apt-get install --reinstall gzip
Reinstall: gzip:amd64 (1.10-0ubuntu4)
End-Date: 2022-02-21  22:57:23

Start-Date: 2022-02-21  22:57:24
Commandline: apt-get install --reinstall hostname
Reinstall: hostname:amd64 (3.23)
End-Date: 2022-02-21  22:57:24

Start-Date: 2022-02-21  22:57:25
Commandline: apt-get install --reinstall init-system-helpers
Reinstall: init-system-helpers:amd64 (1.57)
End-Date: 2022-02-21  22:57:26

Start-Date: 2022-02-21  22:57:27
Commandline: apt-get install --reinstall libacl1:amd64
Reinstall: libacl1:amd64 (2.2.53-6)
End-Date: 2022-02-21  22:57:27

Start-Date: 2022-02-21  22:57:28
Commandline: apt-get install --reinstall libapt-pkg6.0:amd64
Reinstall: libapt-pkg6.0:amd64 (2.0.2)
End-Date: 2022-02-21  22:57:29

Start-Date: 2022-02-21  22:57:30
Commandline: apt-get install --reinstall libattr1:amd64
Reinstall: libattr1:amd64 (1:2.4.48-5)
End-Date: 2022-02-21  22:57:30

Start-Date: 2022-02-21  22:57:31
Commandline: apt-get install --reinstall libaudit-common
Reinstall: libaudit-common:amd64 (1:2.8.5-2ubuntu6)
End-Date: 2022-02-21  22:57:32

Start-Date: 2022-02-21  22:57:33
Commandline: apt-get install --reinstall libaudit1:amd64
Reinstall: libaudit1:amd64 (1:2.8.5-2ubuntu6)
End-Date: 2022-02-21  22:57:33

Start-Date: 2022-02-21  22:57:34
Commandline: apt-get install --reinstall libblkid1:amd64
Reinstall: libblkid1:amd64 (2.34-0.1ubuntu9)
End-Date: 2022-02-21  22:57:35

Start-Date: 2022-02-21  22:57:35
Commandline: apt-get install --reinstall libbz2-1.0:amd64
Reinstall: libbz2-1.0:amd64 (1.0.8-2)
End-Date: 2022-02-21  22:57:36

Start-Date: 2022-02-21  22:57:37
Commandline: apt-get install --reinstall libc-bin
Reinstall: libc-bin:amd64 (2.31-0ubuntu9)
End-Date: 2022-02-21  22:57:37

Start-Date: 2022-02-21  22:57:38
Commandline: apt-get install --reinstall libc6:amd64
Reinstall: libc6:amd64 (2.31-0ubuntu9)
End-Date: 2022-02-21  22:57:40

Start-Date: 2022-02-21  22:57:41
Commandline: apt-get install --reinstall libcap-ng0:amd64
Reinstall: libcap-ng0:amd64 (0.7.9-2.1build1)
End-Date: 2022-02-21  22:57:42

Start-Date: 2022-02-21  22:57:43
Commandline: apt-get install --reinstall libcom-err2:amd64
Reinstall: libcom-err2:amd64 (1.45.5-2ubuntu1)
End-Date: 2022-02-21  22:57:43

Start-Date: 2022-02-21  22:57:44
Commandline: apt-get install --reinstall libcrypt1:amd64
Reinstall: libcrypt1:amd64 (1:4.4.10-10ubuntu4)
End-Date: 2022-02-21  22:57:45

Start-Date: 2022-02-21  22:57:45
Commandline: apt-get install --reinstall libdb5.3:amd64
Reinstall: libdb5.3:amd64 (5.3.28+dfsg1-0.6ubuntu2)
End-Date: 2022-02-21  22:57:46

Start-Date: 2022-02-21  22:57:47
Commandline: apt-get install --reinstall libdebconfclient0:amd64
Reinstall: libdebconfclient0:amd64 (0.251ubuntu1)
End-Date: 2022-02-21  22:57:47

Start-Date: 2022-02-21  22:57:48
Commandline: apt-get install --reinstall libext2fs2:amd64
Reinstall: libext2fs2:amd64 (1.45.5-2ubuntu1)
End-Date: 2022-02-21  22:57:49

Start-Date: 2022-02-21  22:57:50
Commandline: apt-get install --reinstall libfdisk1:amd64
Reinstall: libfdisk1:amd64 (2.34-0.1ubuntu9)
End-Date: 2022-02-21  22:57:50

Start-Date: 2022-02-21  22:57:51
Commandline: apt-get install --reinstall libffi7:amd64
Reinstall: libffi7:amd64 (3.3-4)
End-Date: 2022-02-21  22:57:52

Start-Date: 2022-02-21  22:57:53
Commandline: apt-get install --reinstall libgcc-s1:amd64
Reinstall: libgcc-s1:amd64 (10-20200411-0ubuntu1)
End-Date: 2022-02-21  22:57:53

Start-Date: 2022-02-21  22:57:54
Commandline: apt-get install --reinstall libgcrypt20:amd64
Reinstall: libgcrypt20:amd64 (1.8.5-5ubuntu1)
End-Date: 2022-02-21  22:57:55

Start-Date: 2022-02-21  22:57:56
Commandline: apt-get install --reinstall libgmp10:amd64
Reinstall: libgmp10:amd64 (2:6.2.0+dfsg-4)
End-Date: 2022-02-21  22:57:56

Start-Date: 2022-02-21  22:57:57
Commandline: apt-get install --reinstall libgnutls30:amd64
Reinstall: libgnutls30:amd64 (3.6.13-2ubuntu1)
End-Date: 2022-02-21  22:57:58

Start-Date: 2022-02-21  22:57:58
Commandline: apt-get install --reinstall libgpg-error0:amd64
Reinstall: libgpg-error0:amd64 (1.37-1)
End-Date: 2022-02-21  22:57:59

Start-Date: 2022-02-21  22:58:00
Commandline: apt-get install --reinstall libhogweed5:amd64
Reinstall: libhogweed5:amd64 (3.5.1+really3.5.1-2)
End-Date: 2022-02-21  22:58:00

Start-Date: 2022-02-21  22:58:01
Commandline: apt-get install --reinstall libidn2-0:amd64
Reinstall: libidn2-0:amd64 (2.2.0-2)
End-Date: 2022-02-21  22:58:02

Start-Date: 2022-02-21  22:58:03
Commandline: apt-get install --reinstall liblz4-1:amd64
Reinstall: liblz4-1:amd64 (1.9.2-2)
End-Date: 2022-02-21  22:58:03

Start-Date: 2022-02-21  22:58:04
Commandline: apt-get install --reinstall liblzma5:amd64
Reinstall: liblzma5:amd64 (5.2.4-1)
End-Date: 2022-02-21  22:58:05

Start-Date: 2022-02-21  22:58:06
Commandline: apt-get install --reinstall libmount1:amd64
Reinstall: libmount1:amd64 (2.34-0.1ubuntu9)
End-Date: 2022-02-21  22:58:06

Start-Date: 2022-02-21  22:58:07
Commandline: apt-get install --reinstall libncurses6:amd64
Reinstall: libncurses6:amd64 (6.2-0ubuntu2)
End-Date: 2022-02-21  22:58:08

Start-Date: 2022-02-21  22:58:09
Commandline: apt-get install --reinstall libncursesw6:amd64
Reinstall: libncursesw6:amd64 (6.2-0ubuntu2)
End-Date: 2022-02-21  22:58:09

Start-Date: 2022-02-21  22:58:10
Commandline: apt-get install --reinstall libnettle7:amd64
Reinstall: libnettle7:amd64 (3.5.1+really3.5.1-2)
End-Date: 2022-02-21  22:58:10

Start-Date: 2022-02-21  22:58:11
Commandline: apt-get install --reinstall libp11-kit0:amd64
Reinstall: libp11-kit0:amd64 (0.23.20-1build1)
End-Date: 2022-02-21  22:58:12

Start-Date: 2022-02-21  22:58:13
Commandline: apt-get install --reinstall libpam-modules:amd64
Reinstall: libpam-modules:amd64 (1.3.1-5ubuntu4)
End-Date: 2022-02-21  22:58:13

Start-Date: 2022-02-21  22:58:15
Commandline: apt-get install --reinstall libpam-modules-bin
Reinstall: libpam-modules-bin:amd64 (1.3.1-5ubuntu4)
End-Date: 2022-02-21  22:58:15

Start-Date: 2022-02-21  22:58:16
Commandline: apt-get install --reinstall libpam-runtime
Reinstall: libpam-runtime:amd64 (1.3.1-5ubuntu4)
End-Date: 2022-02-21  22:58:17

Start-Date: 2022-02-21  22:58:18
Commandline: apt-get install --reinstall libpam0g:amd64
Reinstall: libpam0g:amd64 (1.3.1-5ubuntu4)
End-Date: 2022-02-21  22:58:18

Start-Date: 2022-02-21  22:58:19
Commandline: apt-get install --reinstall libpcre2-8-0:amd64
Reinstall: libpcre2-8-0:amd64 (10.34-7)
End-Date: 2022-02-21  22:58:19

Start-Date: 2022-02-21  22:58:20
Commandline: apt-get install --reinstall libpcre3:amd64
Reinstall: libpcre3:amd64 (2:8.39-12build1)
End-Date: 2022-02-21  22:58:21

Start-Date: 2022-02-21  22:58:22
Commandline: apt-get install --reinstall libprocps8:amd64
Reinstall: libprocps8:amd64 (2:3.3.16-1ubuntu2)
End-Date: 2022-02-21  22:58:22

Start-Date: 2022-02-21  22:58:23
Commandline: apt-get install --reinstall libseccomp2:amd64
Reinstall: libseccomp2:amd64 (2.4.3-1ubuntu1)
End-Date: 2022-02-21  22:58:24

Start-Date: 2022-02-21  22:58:25
Commandline: apt-get install --reinstall libselinux1:amd64
Reinstall: libselinux1:amd64 (3.0-1build2)
End-Date: 2022-02-21  22:58:25

Start-Date: 2022-02-21  22:58:26
Commandline: apt-get install --reinstall libsemanage-common
Reinstall: libsemanage-common:amd64 (3.0-1build2)
End-Date: 2022-02-21  22:58:26

Start-Date: 2022-02-21  22:58:27
Commandline: apt-get install --reinstall libsemanage1:amd64
Reinstall: libsemanage1:amd64 (3.0-1build2)
End-Date: 2022-02-21  22:58:28

Start-Date: 2022-02-21  22:58:29
Commandline: apt-get install --reinstall libsepol1:amd64
Reinstall: libsepol1:amd64 (3.0-1)
End-Date: 2022-02-21  22:58:29

Start-Date: 2022-02-21  22:58:30
Commandline: apt-get install --reinstall libsmartcols1:amd64
Reinstall: libsmartcols1:amd64 (2.34-0.1ubuntu9)
End-Date: 2022-02-21  22:58:31

Start-Date: 2022-02-21  22:58:32
Commandline: apt-get install --reinstall libss2:amd64
Reinstall: libss2:amd64 (1.45.5-2ubuntu1)
End-Date: 2022-02-21  22:58:32

Start-Date: 2022-02-21  22:58:33
Commandline: apt-get install --reinstall libstdc++6:amd64
Reinstall: libstdc++6:amd64 (10-20200411-0ubuntu1)
End-Date: 2022-02-21  22:58:34

Start-Date: 2022-02-21  22:58:34
Commandline: apt-get install --reinstall libsystemd0:amd64
Reinstall: libsystemd0:amd64 (245.4-4ubuntu3)
End-Date: 2022-02-21  22:58:35

Start-Date: 2022-02-21  22:58:36
Commandline: apt-get install --reinstall libtasn1-6:amd64
Reinstall: libtasn1-6:amd64 (4.16.0-2)
End-Date: 2022-02-21  22:58:36

Start-Date: 2022-02-21  22:58:37
Commandline: apt-get install --reinstall libtinfo6:amd64
Reinstall: libtinfo6:amd64 (6.2-0ubuntu2)
End-Date: 2022-02-21  22:58:38

Start-Date: 2022-02-21  22:58:39
Commandline: apt-get install --reinstall libudev1:amd64
Reinstall: libudev1:amd64 (245.4-4ubuntu3)
End-Date: 2022-02-21  22:58:39

Start-Date: 2022-02-21  22:58:40
Commandline: apt-get install --reinstall libunistring2:amd64
Reinstall: libunistring2:amd64 (0.9.10-2)
End-Date: 2022-02-21  22:58:41

Start-Date: 2022-02-21  22:58:42
Commandline: apt-get install --reinstall libuuid1:amd64
Reinstall: libuuid1:amd64 (2.34-0.1ubuntu9)
End-Date: 2022-02-21  22:58:42

Start-Date: 2022-02-21  22:58:43
Commandline: apt-get install --reinstall libzstd1:amd64
Reinstall: libzstd1:amd64 (1.4.4+dfsg-3)
End-Date: 2022-02-21  22:58:44

Start-Date: 2022-02-21  22:58:45
Commandline: apt-get install --reinstall login
Reinstall: login:amd64 (1:4.8.1-1ubuntu5)
End-Date: 2022-02-21  22:58:45

Start-Date: 2022-02-21  22:58:46
Commandline: apt-get install --reinstall logsave
Reinstall: logsave:amd64 (1.45.5-2ubuntu1)
End-Date: 2022-02-21  22:58:47

Start-Date: 2022-02-21  22:58:48
Commandline: apt-get install --reinstall lsb-base
Reinstall: lsb-base:amd64 (11.1.0ubuntu2)
End-Date: 2022-02-21  22:58:48

Start-Date: 2022-02-21  22:58:49
Commandline: apt-get install --reinstall mawk
Reinstall: mawk:amd64 (1.3.4.20200120-2)
End-Date: 2022-02-21  22:58:49

Start-Date: 2022-02-21  22:58:50
Commandline: apt-get install --reinstall mount
Reinstall: mount:amd64 (2.34-0.1ubuntu9)
End-Date: 2022-02-21  22:58:51

Start-Date: 2022-02-21  22:58:52
Commandline: apt-get install --reinstall ncurses-base
Reinstall: ncurses-base:amd64 (6.2-0ubuntu2)
End-Date: 2022-02-21  22:58:52

Start-Date: 2022-02-21  22:58:53
Commandline: apt-get install --reinstall ncurses-bin
Reinstall: ncurses-bin:amd64 (6.2-0ubuntu2)
End-Date: 2022-02-21  22:58:54

Start-Date: 2022-02-21  22:58:55
Commandline: apt-get install --reinstall passwd
Reinstall: passwd:amd64 (1:4.8.1-1ubuntu5)
End-Date: 2022-02-21  22:58:55

Start-Date: 2022-02-21  22:58:56
Commandline: apt-get install --reinstall perl-base
Reinstall: perl-base:amd64 (5.30.0-9build1)
End-Date: 2022-02-21  22:58:57

Start-Date: 2022-02-21  22:58:58
Commandline: apt-get install --reinstall procps
Reinstall: procps:amd64 (2:3.3.16-1ubuntu2)
End-Date: 2022-02-21  22:58:58

Start-Date: 2022-02-21  22:58:59
Commandline: apt-get install --reinstall sed
Reinstall: sed:amd64 (4.7-1)
End-Date: 2022-02-21  22:59:00

Start-Date: 2022-02-21  22:59:00
Commandline: apt-get install --reinstall sensible-utils
Reinstall: sensible-utils:amd64 (0.0.12+nmu1)
End-Date: 2022-02-21  22:59:01

Start-Date: 2022-02-21  22:59:02
Commandline: apt-get install --reinstall sysvinit-utils
Reinstall: sysvinit-utils:amd64 (2.96-2.1ubuntu1)
End-Date: 2022-02-21  22:59:02

Start-Date: 2022-02-21  22:59:03
Commandline: apt-get install --reinstall tar
Reinstall: tar:amd64 (1.30+dfsg-7)
End-Date: 2022-02-21  22:59:04

Start-Date: 2022-02-21  22:59:05
Commandline: apt-get install --reinstall ubuntu-keyring
Reinstall: ubuntu-keyring:amd64 (2020.02.11.2)
End-Date: 2022-02-21  22:59:05

Start-Date: 2022-02-21  22:59:06
Commandline: apt-get install --reinstall util-linux
Reinstall: util-linux:amd64 (2.34-0.1ubuntu9)
End-Date: 2022-02-21  22:59:07

Start-Date: 2022-02-21  22:59:08
Commandline: apt-get install --reinstall zlib1g:amd64
Reinstall: zlib1g:amd64 (1:1.2.11.dfsg-2ubuntu1)
End-Date: 2022-02-21  22:59:08

Start-Date: 2022-02-21  22:59:11
Commandline: apt-get --yes -oDebug::pkgDepCache::AutoInstall=yes install ubuntu-keyring
Upgrade: ubuntu-keyring:amd64 (2020.02.11.2, 2020.02.11.4)
End-Date: 2022-02-21  22:59:11

Start-Date: 2022-02-21  22:59:13
Commandline: apt-get --yes -oDebug::pkgDepCache::AutoInstall=yes --force-yes upgrade
Upgrade: libpam0g:amd64 (1.3.1-5ubuntu4, 1.3.1-5ubuntu4.3), fdisk:amd64 (2.34-0.1ubuntu9, 2.34-0.1ubuntu9.3), perl-base:amd64 (5.30.0-9build1, 5.30.0-9ubuntu0.2), libseccomp2:amd64 (2.4.3-1ubuntu1, 2.5.1-1ubuntu1~20.04.2), libfdisk1:amd64 (2.34-0.1ubuntu9, 2.34-0.1ubuntu9.3), libpam-modules:amd64 (1.3.1-5ubuntu4, 1.3.1-5ubuntu4.3), libsystemd0:amd64 (245.4-4ubuntu3, 245.4-4ubuntu3.15), gcc-10-base:amd64 (10-20200411-0ubuntu1, 10.3.0-1ubuntu1~20.04), apt:amd64 (2.0.2, 2.0.6), libmount1:amd64 (2.34-0.1ubuntu9, 2.34-0.1ubuntu9.3), zlib1g:amd64 (1:1.2.11.dfsg-2ubuntu1, 1:1.2.11.dfsg-2ubuntu1.2), libc6:amd64 (2.31-0ubuntu9, 2.31-0ubuntu9.2), util-linux:amd64 (2.34-0.1ubuntu9, 2.34-0.1ubuntu9.3), passwd:amd64 (1:4.8.1-1ubuntu5, 1:4.8.1-1ubuntu5.20.04.1), procps:amd64 (2:3.3.16-1ubuntu2, 2:3.3.16-1ubuntu2.3), libpam-runtime:amd64 (1.3.1-5ubuntu4, 1.3.1-5ubuntu4.3), libprocps8:amd64 (2:3.3.16-1ubuntu2, 2:3.3.16-1ubuntu2.3), libapt-pkg6.0:amd64 (2.0.2, 2.0.6), libudev1:amd64 (245.4-4ubuntu3, 245.4-4ubuntu3.15), mount:amd64 (2.34-0.1ubuntu9, 2.34-0.1ubuntu9.3), libblkid1:amd64 (2.34-0.1ubuntu9, 2.34-0.1ubuntu9.3), libc-bin:amd64 (2.31-0ubuntu9, 2.31-0ubuntu9.2), tar:amd64 (1.30+dfsg-7, 1.30+dfsg-7ubuntu0.20.04.1), libuuid1:amd64 (2.34-0.1ubuntu9, 2.34-0.1ubuntu9.3), libgcrypt20:amd64 (1.8.5-5ubuntu1, 1.8.5-5ubuntu1.1), liblz4-1:amd64 (1.9.2-2, 1.9.2-2ubuntu0.20.04.1), gpgv:amd64 (2.2.19-3ubuntu2, 2.2.19-3ubuntu2.1), libsmartcols1:amd64 (2.34-0.1ubuntu9, 2.34-0.1ubuntu9.3), login:amd64 (1:4.8.1-1ubuntu5, 1:4.8.1-1ubuntu5.20.04.1), libhogweed5:amd64 (3.5.1+really3.5.1-2, 3.5.1+really3.5.1-2ubuntu0.2), libpam-modules-bin:amd64 (1.3.1-5ubuntu4, 1.3.1-5ubuntu4.3), bsdutils:amd64 (1:2.34-0.1ubuntu9, 1:2.34-0.1ubuntu9.3), libgcc-s1:amd64 (10-20200411-0ubuntu1, 10.3.0-1ubuntu1~20.04), libnettle7:amd64 (3.5.1+really3.5.1-2, 3.5.1+really3.5.1-2ubuntu0.2), bash:amd64 (5.0-6ubuntu1, 5.0-6ubuntu1.1), libgnutls30:amd64 (3.6.13-2ubuntu1, 3.6.13-2ubuntu1.6), libp11-kit0:amd64 (0.23.20-1build1, 0.23.20-1ubuntu0.1), libzstd1:amd64 (1.4.4+dfsg-3, 1.4.4+dfsg-3ubuntu0.1), liblzma5:amd64 (5.2.4-1, 5.2.4-1ubuntu1), libstdc++6:amd64 (10-20200411-0ubuntu1, 10.3.0-1ubuntu1~20.04), base-files:amd64 (11ubuntu5, 11ubuntu5.5)
End-Date: 2022-02-21  22:59:17

Start-Date: 2025-07-10  13:36:44
Commandline: apt install fluxbox xterm -y
Install: libgssapi3-heimdal:amd64 (7.7.0+dfsg-1ubuntu1.4, automatic), libxdmcp6:amd64 (1:1.1.3-0ubuntu1, automatic), libwebp6:amd64 (0.6.1-2ubuntu0.20.04.3, automatic), libkrb5-3:amd64 (1.17-6ubuntu4.11, automatic), libgssapi-krb5-2:amd64 (1.17-6ubuntu4.11, automatic), libnghttp2-14:amd64 (1.40.0-1ubuntu0.3, automatic), libfontenc1:amd64 (1:1.1.4-0ubuntu1, automatic), libvulkan1:amd64 (1.2.131.2-1, automatic), libimlib2:amd64 (1.6.1-1ubuntu0.1, automatic), libwind0-heimdal:amd64 (7.7.0+dfsg-1ubuntu1.4, automatic), publicsuffix:amd64 (20200303.0012-1, automatic), libdrm-nouveau2:amd64 (2.4.107-8ubuntu1~20.04.2, automatic), libsasl2-modules-db:amd64 (2.1.27+dfsg-2ubuntu0.1, automatic), libxcb-xfixes0:amd64 (1.14-2, automatic), libcurl4:amd64 (7.68.0-1ubuntu2.25, automatic), libldap-2.4-2:amd64 (2.4.49+dfsg-2ubuntu1.10, automatic), openssl:amd64 (1.1.1f-1ubuntu2.24, automatic), libssh-4:amd64 (0.9.3-2ubuntu2.5, automatic), libbrotli1:amd64 (1.0.7-6ubuntu0.1, automatic), libpciaccess0:amd64 (0.16-0ubuntu1, automatic), libxcb-present0:amd64 (1.14-2, automatic), libheimntlm0-heimdal:amd64 (7.7.0+dfsg-1ubuntu1.4, automatic), libgl1:amd64 (1.3.2-1~ubuntu0.20.04.2, automatic), libglapi-mesa:amd64 (21.2.6-0ubuntu0.1~20.04.2, automatic), libpsl5:amd64 (0.21.0-1ubuntu1, automatic), libxkbfile1:amd64 (1:1.1.0-1, automatic), libsqlite3-0:amd64 (3.31.1-4ubuntu0.7, automatic), libxrender1:amd64 (1:0.9.10-1, automatic), libelf1:amd64 (0.176-1.1ubuntu0.1, automatic), libbsd0:amd64 (0.10.0-1, automatic), feh:amd64 (3.3-1, automatic), libheimbase1-heimdal:amd64 (7.7.0+dfsg-1ubuntu1.4, automatic), xfonts-utils:amd64 (1:7.7+6, automatic), libk5crypto3:amd64 (1.17-6ubuntu4.11, automatic), libjpeg-progs:amd64 (1:9d-1, automatic), libxcb-shm0:amd64 (1.14-2, automatic), libid3tag0:amd64 (0.15.1b-14, automatic), libsasl2-2:amd64 (2.1.27+dfsg-2ubuntu0.1, automatic), libxcb-randr0:amd64 (1.14-2, automatic), fontconfig-config:amd64 (2.13.1-2ubuntu3, automatic), libx11-6:amd64 (2:1.6.9-2ubuntu1.6, automatic), libexpat1:amd64 (2.2.9-1ubuntu0.8, automatic), fluxbox:amd64 (1.3.5-2build2), libxshmfence1:amd64 (1.3-1, automatic), krb5-locales:amd64 (1.17-6ubuntu4.11, automatic), libsm6:amd64 (2:1.2.3-1, automatic), libwayland-client0:amd64 (1.18.0-1ubuntu0.1, automatic), libdrm-amdgpu1:amd64 (2.4.107-8ubuntu1~20.04.2, automatic), libexif12:amd64 (0.6.21-6ubuntu0.4, automatic), libllvm12:amd64 (1:12.0.0-3ubuntu1~20.04.5, automatic), libtiff5:amd64 (4.1.0+git191117-2ubuntu0.20.04.14, automatic), libxau6:amd64 (1:1.0.9-0ubuntu1, automatic), libxaw7:amd64 (2:1.0.13-1, automatic), librtmp1:amd64 (2.4+20151223.gitfa8646d.1-2build1, automatic), libxcomposite1:amd64 (1:0.4.5-1, automatic), libsasl2-modules:amd64 (2.1.27+dfsg-2ubuntu0.1, automatic), libxcb1:amd64 (1.14-2, automatic), libxtst6:amd64 (2:1.2.3-1, automatic), libxi6:amd64 (2:1.7.10-0ubuntu1, automatic), libkrb5support0:amd64 (1.17-6ubuntu4.11, automatic), libxt6:amd64 (1:1.1.5-1, automatic), libxv1:amd64 (2:1.0.11-1, automatic), libgif7:amd64 (5.1.9-1ubuntu0.1, automatic), libxinerama1:amd64 (2:1.1.4-2, automatic), libldap-common:amd64 (2.4.49+dfsg-2ubuntu1.10, automatic), fonts-dejavu-core:amd64 (2.37-1, automatic), libhcrypto4-heimdal:amd64 (7.7.0+dfsg-1ubuntu1.4, automatic), ucf:amd64 (3.0038+nmu1, automatic), libkeyutils1:amd64 (1.6-6ubuntu1.1, automatic), libxmuu1:amd64 (2:1.1.3-0ubuntu1, automatic), xfonts-terminus:amd64 (4.40-2, automatic), libxft2:amd64 (2.3.3-0ubuntu1, automatic), libxrandr2:amd64 (2:1.5.2-0ubuntu1, automatic), libjpeg8:amd64 (8c-2ubuntu8, automatic), libjpeg9:amd64 (1:9d-1, automatic), libdrm2:amd64 (2.4.107-8ubuntu1~20.04.2, automatic), libxcb-shape0:amd64 (1.14-2, automatic), libglx0:amd64 (1.3.2-1~ubuntu0.20.04.2, automatic), menu:amd64 (2.1.47ubuntu4, automatic), libutempter0:amd64 (1.1.6-4, automatic), libxfixes3:amd64 (1:5.0.3-2, automatic), libxxf86dga1:amd64 (2:1.1.5-0ubuntu1, automatic), libfontconfig1:amd64 (2.13.1-2ubuntu3, automatic), libx11-data:amd64 (2:1.6.9-2ubuntu1.6, automatic), libgl1-mesa-dri:amd64 (21.2.6-0ubuntu0.1~20.04.2, automatic), libxxf86vm1:amd64 (1:1.1.4-1build1, automatic), libjpeg-turbo8:amd64 (2.0.3-0ubuntu1.20.04.3, automatic), libjbig0:amd64 (2.1-3.1ubuntu0.20.04.1, automatic), libxmu6:amd64 (2:1.1.3-0ubuntu1, automatic), libedit2:amd64 (3.1-20191231-1, automatic), libdrm-intel1:amd64 (2.4.107-8ubuntu1~20.04.2, automatic), libroken18-heimdal:amd64 (7.7.0+dfsg-1ubuntu1.4, automatic), libsensors-config:amd64 (1:3.6.0-2ubuntu1.1, automatic), libfreetype6:amd64 (2.10.1-2ubuntu0.4, automatic), ca-certificates:amd64 (20240203~20.04.1, automatic), libasn1-8-heimdal:amd64 (7.7.0+dfsg-1ubuntu1.4, automatic), libkrb5-26-heimdal:amd64 (7.7.0+dfsg-1ubuntu1.4, automatic), x11-common:amd64 (1:7.7+19ubuntu14, automatic), yudit-common:amd64 (2.9.6-8build1, automatic), libdrm-radeon1:amd64 (2.4.107-8ubuntu1~20.04.2, automatic), libxpm4:amd64 (1:3.5.12-1ubuntu0.20.04.2, automatic), x11-utils:amd64 (7.7+5, automatic), mesa-vulkan-drivers:amd64 (21.2.6-0ubuntu0.1~20.04.2, automatic), libssl1.1:amd64 (1.1.1f-1ubuntu2.24, automatic), libice6:amd64 (2:1.0.10-0ubuntu1, automatic), xfonts-encodings:amd64 (1:1.0.5-0ubuntu1, automatic), xbitmaps:amd64 (1.1.1-2, automatic), libxcb-glx0:amd64 (1.14-2, automatic), libhx509-5-heimdal:amd64 (7.7.0+dfsg-1ubuntu1.4, automatic), libxcb-dri2-0:amd64 (1.14-2, automatic), libsensors5:amd64 (1:3.6.0-2ubuntu1.1, automatic), libxcb-dri3-0:amd64 (1.14-2, automatic), libx11-xcb1:amd64 (2:1.6.9-2ubuntu1.6, automatic), libfribidi0:amd64 (1.0.8-2ubuntu0.1, automatic), libxcb-sync1:amd64 (1.14-2, automatic), xterm:amd64 (353-1ubuntu1.20.04.2), libxext6:amd64 (2:1.3.4-0ubuntu1, automatic), libglx-mesa0:amd64 (21.2.6-0ubuntu0.1~20.04.2, automatic), libglvnd0:amd64 (1.3.2-1~ubuntu0.20.04.2, automatic), libdrm-common:amd64 (2.4.107-8ubuntu1~20.04.2, automatic), libpng16-16:amd64 (1.6.37-2, automatic)
End-Date: 2025-07-10  13:38:26
